SmartHome-Mobile/app/build/intermediates/manifest_merge_blame_file/debug/manifest-merger-blame-debug-report.txt
1<?xml version="1.0" encoding="utf-8"?>
2<manifest xmlns:android="http://schemas.android.com/apk/res/android"
3    package="be.ucll.java.mobile.smarthome_mobile"
4    android:versionCode="1"
5    android:versionName="1.0" >
6
7    <uses-sdk
8        android:minSdkVersion="22"
8-->src\main\AndroidManifest.xml
9        android:targetSdkVersion="30" />
9-->src\main\AndroidManifest.xml
10
11    <uses-permission android:name="android.permission.INTERNET" />
11-->src\main\AndroidManifest.xml:4:5-67
11-->src\main\AndroidManifest.xml:4:22-64
12
13    <application
13-->src\main\AndroidManifest.xml:5:5-23:19
14        android:allowBackup="true"
14-->src\main\AndroidManifest.xml:6:9-35
15        android:appComponentFactory="androidx.core.app.CoreComponentFactory"
15-->[androidx.core:core:1.3.1] AndroidManifest.xml:24:18-86
16        android:debuggable="true"
17        android:icon="@mipmap/ic_launcher"
17-->src\main\AndroidManifest.xml:7:9-43
18        android:label="@string/app_name"
18-->src\main\AndroidManifest.xml:8:9-41
19        android:roundIcon="@mipmap/ic_launcher_round"
19-->src\main\AndroidManifest.xml:9:9-54
20        android:supportsRtl="true"
20-->src\main\AndroidManifest.xml:10:9-35
21        android:testOnly="true"
22        android:theme="@style/Theme.SmartHomeMobile"
22-->src\main\AndroidManifest.xml:11:9-53
23        android:usesCleartextTraffic="true" >
23-->src\main\AndroidManifest.xml:12:9-44
24        <activity android:name="be.ucll.java.mobile.smarthome_mobile.ManageActivity" />
24-->src\main\AndroidManifest.xml:13:9-61
24-->src\main\AndroidManifest.xml:13:19-49
25        <activity android:name="be.ucll.java.mobile.smarthome_mobile.ConsumptionActivity" />
25-->src\main\AndroidManifest.xml:14:9-57
25-->src\main\AndroidManifest.xml:14:19-54
26        <activity android:name="be.ucll.java.mobile.smarthome_mobile.RegisterActivity" />
26-->src\main\AndroidManifest.xml:15:9-54
26-->src\main\AndroidManifest.xml:15:19-51
27        <activity android:name="be.ucll.java.mobile.smarthome_mobile.MainActivity" >
27-->src\main\AndroidManifest.xml:16:9-22:20
27-->src\main\AndroidManifest.xml:16:19-47
28            <intent-filter>
28-->src\main\AndroidManifest.xml:17:13-21:29
29                <action android:name="android.intent.action.MAIN" />
29-->src\main\AndroidManifest.xml:18:17-69
29-->src\main\AndroidManifest.xml:18:25-66
30
31                <category android:name="android.intent.category.LAUNCHER" />
31-->src\main\AndroidManifest.xml:20:17-77
31-->src\main\AndroidManifest.xml:20:27-74
32            </intent-filter>
33        </activity>
34    </application>
35
36</manifest>